wlan0     Scan completed :
          Cell 01 - Address: 80:2A:A8:47:13:3A
                    Channel:1
                    Frequency:2.412 GHz (Channel 1)
                    Quality=31/70  Signal level=-79 dBm  
                    Encryption key:on
                    ESSID:"DEVICE"
                    Bit Rates:1 Mb/s; 2 Mb/s; 5.5 Mb/s; 11 Mb/s; 6 Mb/s
                              9 Mb/s; 12 Mb/s; 18 Mb/s
                    Bit Rates:24 Mb/s; 36 Mb/s; 48 Mb/s; 54 Mb/s
                    Mode:Master
                    Extra:tsf=0000000000000000
                    Extra: Last beacon: 70ms ago
                    IE: Unknown: 0006444556494345
                    IE: Unknown: 010882848B968C129824
                    IE: Unknown: 030101
                    IE: Unknown: 2A0100
                    IE: Unknown: 3204B048606C
                    IE: Unknown: 2D1AAC011BFFFFFF0000000000000000000100000000000000000000
                    IE: Unknown: 3D1601080C00000000000000000000000000000000000000
                    IE: Unknown: 7F080000000000000040
                    IE: Unknown: DD180050F2020101000003A4000027A4000042435E0062322F00
                    IE: Unknown: DD0900037F01010000FF7F
                    IE: Unknown: DD1300156D00010100010227E58106802AA846133A
                    IE: IEEE 802.11i/WPA2 Version 1
                        Group Cipher : CCMP
                        Pairwise Ciphers (1) : CCMP
                        Authentication Suites (1) : PSK
          Cell 02 - Address: 82:2A:A8:47:13:3A
                    Channel:1
                    Frequency:2.412 GHz (Channel 1)
                    Quality=32/70  Signal level=-78 dBm  
                    Encryption key:off
                    ESSID:"DVC_VISITA"
                    Bit Rates:1 Mb/s; 2 Mb/s; 5.5 Mb/s; 11 Mb/s; 6 Mb/s
                              9 Mb/s; 12 Mb/s; 18 Mb/s
                    Bit Rates:24 Mb/s; 36 Mb/s; 48 Mb/s; 54 Mb/s
                    Mode:Master
                    Extra:tsf=0000000000000000
                    Extra: Last beacon: 70ms ago
                    IE: Unknown: 000A4456435F564953495441
                    IE: Unknown: 010882848B968C129824
                    IE: Unknown: 030101
                    IE: Unknown: 050400010000
                    IE: Unknown: 2A0100
                    IE: Unknown: 3204B048606C
                    IE: Unknown: 2D1AAC011BFFFFFF0000000000000000000100000000000000000000
                    IE: Unknown: 3D1601080C00000000000000000000000000000000000000
                    IE: Unknown: 7F080000000000000040
                    IE: Unknown: DD180050F2020101000003A4000027A4000042435E0062322F00
                    IE: Unknown: DD0900037F01010000FF7F
                    IE: Unknown: DD1300156D00010100010227E58106802AA846133A

